<!DOCTYPE html PUBLIC "-//W3C//DTD XHTML 1.1//EN" "http://www.w3.org/TR/xhtml11/DTD/xhtml11.dtd">
<html xmlns="http://www.w3.org/1999/xhtml">
<head>
<meta http-equiv="content-type" content="text/html; charset=UTF-8"/>
<title>TestNG Report</title>
<style type="text/css">table {margin-bottom:10px;border-collapse:collapse;empty-cells:show}th,td {border:1px solid #009;padding:.25em .5em}th {vertical-align:bottom}td {vertical-align:top}table a {font-weight:bold}.stripe td {background-color: #E6EBF9}.num {text-align:right}.passedodd td {background-color: #3F3}.passedeven td {background-color: #0A0}.skippedodd td {background-color: #DDD}.skippedeven td {background-color: #CCC}.failedodd td,.attn {background-color: #F33}.failedeven td,.stripe .attn {background-color: #D00}.stacktrace {white-space:pre;font-family:monospace}.totop {font-size:85%;text-align:center;border-bottom:2px solid #000}.invisible {display:none}</style>
</head>
<body>
<table>
<tr><th>Test</th><th># Passed</th><th># Skipped</th><th># Failed</th><th>Time (ms)</th><th>Included Groups</th><th>Excluded Groups</th></tr>
<tr><th colspan="7">TestSuite1</th></tr>
<<<<<<< HEAD
<tr><td><a href="#t0">LeadsPageEditFormTest</a></td><td class="num">2</td><td class="num">0</td><td class="num">0</td><td class="num">59,811</td><td></td><td></td></tr>
</table>
<table id='summary'><thead><tr><th>Class</th><th>Method</th><th>Start</th><th>Time (ms)</th></tr></thead><tbody><tr><th colspan="4">TestSuite1</th></tr></tbody><tbody id="t0"><tr><th colspan="4">LeadsPageEditFormTest &#8212; passed</th></tr><tr class="passedeven"><td rowspan="1">com.qa.hs.tests.LeadsModuleEditFormTest</td><td><a href="#m0">leadsTest</a></td><td rowspan="1">1631546021416</td><td rowspan="1">48019</td></tr><tr class="passedodd"><td rowspan="1">com.qa.hs.tests.LoginTest</td><td><a href="#m1">loginTest</a></td><td rowspan="1">1631546010827</td><td rowspan="1">10586</td></tr></tbody>
=======
<tr><td><a href="#t0">SalesModuleAllocatUnitGroupRealtorsTest</a></td><td class="num">1</td><td class="num">0</td><td class="num attn">1</td><td class="num">202,992</td><td></td><td></td></tr>
</table>
<table id='summary'><thead><tr><th>Class</th><th>Method</th><th>Start</th><th>Time (ms)</th></tr></thead><tbody><tr><th colspan="4">TestSuite1</th></tr></tbody><tbody id="t0"><tr><th colspan="4">SalesModuleAllocatUnitGroupRealtorsTest &#8212; failed</th></tr><tr class="failedeven"><td rowspan="1">com.qa.hs.tests.SalesModuleAllocatUnitGroupRealtorsTest</td><td><a href="#m0">salesModuleAllocatUnitTest</a></td><td rowspan="1">1631634743783</td><td rowspan="1">165007</td></tr><tr><th colspan="4">SalesModuleAllocatUnitGroupRealtorsTest &#8212; passed</th></tr><tr class="passedeven"><td rowspan="1">com.qa.hs.tests.LoginTest</td><td><a href="#m1">loginTest</a></td><td rowspan="1">1631634708165</td><td rowspan="1">35614</td></tr></tbody>
>>>>>>> 570e6cf35829b4e7897ccb03d6184545922fdaa5
</table>
<h2>SalesModuleAllocatUnitGroupRealtorsTest</h2><h3 id="m0">com.qa.hs.tests.SalesModuleAllocatUnitGroupRealtorsTest#salesModuleAllocatUnitTest</h3><table class="result"><tr><th>Exception</th></tr><tr><td><div class="stacktrace">org.openqa.selenium.TimeoutException: Expected condition failed: waiting for visibility of element located by By.xpath: //button[normalize-space()=&apos;Continue&apos;] (tried for 90 second(s) with 500 milliseconds interval)
	at org.openqa.selenium.support.ui.WebDriverWait.timeoutException(WebDriverWait.java:95)
	at org.openqa.selenium.support.ui.FluentWait.until(FluentWait.java:272)
	at com.qa.hs.keyword.engine.KeyWordEngine.startExecution(KeyWordEngine.java:171)
	at com.qa.hs.tests.SalesModuleAllocatUnitGroupRealtorsTest.salesModuleAllocatUnitTest(SalesModuleAllocatUnitGroupRealtorsTest.java:11)
Caused by: org.openqa.selenium.NoSuchElementException: no such element: Unable to locate element: {&quot;method&quot;:&quot;xpath&quot;,&quot;selector&quot;:&quot;//button[normalize-space()=&apos;Continue&apos;]&quot;}
  (Session info: chrome=91.0.4472.77)
For documentation on this error, please visit: https://www.seleniumhq.org/exceptions/no_such_element.html
Build info: version: &apos;3.141.59&apos;, revision: &apos;e82be7d358&apos;, time: &apos;2018-11-14T08:17:03&apos;
System info: host: &apos;Unknown&apos;, ip: &apos;Unknown&apos;, os.name: &apos;Linux&apos;, os.arch: &apos;amd64&apos;, os.version: &apos;4.6.4-040604-generic&apos;, java.version: &apos;14.0.2&apos;
Driver info: org.openqa.selenium.chrome.ChromeDriver
Capabilities {acceptInsecureCerts: false, browserName: chrome, browserVersion: 91.0.4472.77, chrome: {chromedriverVersion: 91.0.4472.101 (af52a90bf870..., userDataDir: /tmp/.com.google.Chrome.G9hcEL}, goog:chromeOptions: {debuggerAddress: localhost:46229}, javascriptEnabled: true, networkConnectionEnabled: false, pageLoadStrategy: normal, platform: LINUX, platformName: LINUX, proxy: Proxy(), setWindowRect: true, strictFileInteractability: false, timeouts: {implicit: 0, pageLoad: 300000, script: 30000}, unhandledPromptBehavior: dismiss and notify, webauthn:extension:largeBlob: true, webauthn:virtualAuthenticators: true}
Session ID: d746117038ddc57561218aacc68ef6a8
*** Element info: {Using=xpath, value=//button[normalize-space()=&apos;Continue&apos;]}
	at org.openqa.selenium.remote.http.W3CHttpResponseCodec.createException(W3CHttpResponseCodec.java:187)
	at org.openqa.selenium.remote.http.W3CHttpResponseCodec.decode(W3CHttpResponseCodec.java:122)
	at org.openqa.selenium.remote.http.W3CHttpResponseCodec.decode(W3CHttpResponseCodec.java:49)
	at org.openqa.selenium.remote.HttpCommandExecutor.execute(HttpCommandExecutor.java:158)
	at org.openqa.selenium.remote.service.DriverCommandExecutor.execute(DriverCommandExecutor.java:83)
	at org.openqa.selenium.remote.RemoteWebDriver.execute(RemoteWebDriver.java:552)
	at org.openqa.selenium.remote.RemoteWebDriver.findElement(RemoteWebDriver.java:323)
	at org.openqa.selenium.remote.RemoteWebDriver.findElementByXPath(RemoteWebDriver.java:428)
	at org.openqa.selenium.By$ByXPath.findElement(By.java:353)
	at org.openqa.selenium.remote.RemoteWebDriver.findElement(RemoteWebDriver.java:315)
	at org.openqa.selenium.support.ui.ExpectedConditions$7.apply(ExpectedConditions.java:205)
	at org.openqa.selenium.support.ui.ExpectedConditions$7.apply(ExpectedConditions.java:201)
	at org.openqa.selenium.support.ui.FluentWait.until(FluentWait.java:249)
	... 27 more
... Removed 29 stack frames</div></td></tr></table><p class="totop"><a href="#summary">back to summary</a></p>
<h3 id="m1">com.qa.hs.tests.LoginTest#loginTest</h3><table class="result"><tr><th class="invisible"/></tr></table><p class="totop"><a href="#summary">back to summary</a></p>
</body>
</html>
