<?xml version="1.0" encoding="UTF-8"?>
<testng-results ignored="4" total="6" passed="1" failed="1" skipped="0">
  <reporter-output>
  </reporter-output>
<<<<<<< HEAD
  <suite started-at="2021-09-13T15:13:29Z" name="TestSuite1" finished-at="2021-09-13T15:14:29Z" duration-ms="59811">
    <groups>
    </groups>
    <test started-at="2021-09-13T15:13:29Z" name="LeadsPageEditFormTest" finished-at="2021-09-13T15:14:29Z" duration-ms="59811">
      <class name="com.qa.hs.tests.LoginTest">
        <test-method is-config="true" signature="first()[pri:0, instance:com.qa.hs.tests.LoginTest@53fb3dab]" started-at="2021-09-13T15:13:29Z" name="first" finished-at="2021-09-13T15:13:29Z" duration-ms="7" status="PASS">
          <reporter-output>
          </reporter-output>
        </test-method> <!-- first -->
        <test-method is-config="true" signature="start()[pri:0, instance:com.qa.hs.tests.LoginTest@53fb3dab]" started-at="2021-09-13T15:13:29Z" name="start" finished-at="2021-09-13T15:13:30Z" duration-ms="1090" status="PASS">
          <reporter-output>
          </reporter-output>
        </test-method> <!-- start -->
        <test-method signature="loginTest()[pri:0, instance:com.qa.hs.tests.LoginTest@53fb3dab]" started-at="2021-09-13T15:13:30Z" name="loginTest" finished-at="2021-09-13T15:13:41Z" duration-ms="10586" status="PASS">
          <reporter-output>
          </reporter-output>
        </test-method> <!-- loginTest -->
        <test-method is-config="true" signature="end()[pri:0, instance:com.qa.hs.tests.LoginTest@53fb3dab]" started-at="2021-09-13T15:14:29Z" name="end" finished-at="2021-09-13T15:14:29Z" duration-ms="93" status="PASS">
          <reporter-output>
          </reporter-output>
        </test-method> <!-- end -->
        <test-method is-config="true" signature="quit()[pri:0, instance:com.qa.hs.tests.LoginTest@53fb3dab]" started-at="2021-09-13T15:14:29Z" name="quit" finished-at="2021-09-13T15:14:29Z" duration-ms="223" status="PASS">
=======
  <suite started-at="2021-09-14T15:51:46Z" name="TestSuite1" finished-at="2021-09-14T15:55:09Z" duration-ms="202992">
    <groups>
    </groups>
    <test started-at="2021-09-14T15:51:46Z" name="SalesModuleAllocatUnitGroupRealtorsTest" finished-at="2021-09-14T15:55:09Z" duration-ms="202992">
      <class name="com.qa.hs.tests.LoginTest">
        <test-method is-config="true" signature="first()[pri:0, instance:com.qa.hs.tests.LoginTest@1a72a540]" started-at="2021-09-14T15:51:46Z" name="first" finished-at="2021-09-14T15:51:46Z" duration-ms="10" status="PASS">
          <reporter-output>
          </reporter-output>
        </test-method> <!-- first -->
        <test-method is-config="true" signature="start()[pri:0, instance:com.qa.hs.tests.LoginTest@1a72a540]" started-at="2021-09-14T15:51:46Z" name="start" finished-at="2021-09-14T15:51:48Z" duration-ms="1963" status="PASS">
          <reporter-output>
          </reporter-output>
        </test-method> <!-- start -->
        <test-method signature="loginTest()[pri:0, instance:com.qa.hs.tests.LoginTest@1a72a540]" started-at="2021-09-14T15:51:48Z" name="loginTest" finished-at="2021-09-14T15:52:23Z" duration-ms="35614" status="PASS">
          <reporter-output>
          </reporter-output>
        </test-method> <!-- loginTest -->
        <test-method is-config="true" signature="end()[pri:0, instance:com.qa.hs.tests.LoginTest@1a72a540]" started-at="2021-09-14T15:55:08Z" name="end" finished-at="2021-09-14T15:55:09Z" duration-ms="371" status="PASS">
          <reporter-output>
          </reporter-output>
        </test-method> <!-- end -->
        <test-method is-config="true" signature="quit()[pri:0, instance:com.qa.hs.tests.LoginTest@1a72a540]" started-at="2021-09-14T15:55:09Z" name="quit" finished-at="2021-09-14T15:55:09Z" duration-ms="19" status="PASS">
>>>>>>> 570e6cf35829b4e7897ccb03d6184545922fdaa5
          <reporter-output>
          </reporter-output>
        </test-method> <!-- quit -->
      </class> <!-- com.qa.hs.tests.LoginTest -->
<<<<<<< HEAD
      <class name="com.qa.hs.tests.LeadsModuleEditFormTest">
        <test-method signature="leadsTest()[pri:1, instance:com.qa.hs.tests.LeadsModuleEditFormTest@cb0755b]" started-at="2021-09-13T15:13:41Z" name="leadsTest" finished-at="2021-09-13T15:14:29Z" duration-ms="48019" status="PASS">
=======
      <class name="com.qa.hs.tests.SalesModuleAllocatUnitGroupRealtorsTest">
        <test-method signature="salesModuleAllocatUnitTest()[pri:1, instance:com.qa.hs.tests.SalesModuleAllocatUnitGroupRealtorsTest@27d5a580]" started-at="2021-09-14T15:52:23Z" name="salesModuleAllocatUnitTest" finished-at="2021-09-14T15:55:08Z" duration-ms="165007" status="FAIL">
          <exception class="org.openqa.selenium.TimeoutException">
            <message>
              <![CDATA[Expected condition failed: waiting for visibility of element located by By.xpath: //button[normalize-space()='Continue'] (tried for 90 second(s) with 500 milliseconds interval)]]>
            </message>
            <full-stacktrace>
              <![CDATA[org.openqa.selenium.TimeoutException: Expected condition failed: waiting for visibility of element located by By.xpath: //button[normalize-space()='Continue'] (tried for 90 second(s) with 500 milliseconds interval)
at org.openqa.selenium.support.ui.WebDriverWait.timeoutException(WebDriverWait.java:95)
at org.openqa.selenium.support.ui.FluentWait.until(FluentWait.java:272)
at com.qa.hs.keyword.engine.KeyWordEngine.startExecution(KeyWordEngine.java:171)
at com.qa.hs.tests.SalesModuleAllocatUnitGroupRealtorsTest.salesModuleAllocatUnitTest(SalesModuleAllocatUnitGroupRealtorsTest.java:11)
at java.base/jdk.internal.reflect.NativeMethodAccessorImpl.invoke0(Native Method)
at java.base/jdk.internal.reflect.NativeMethodAccessorImpl.invoke(NativeMethodAccessorImpl.java:62)
at java.base/jdk.internal.reflect.DelegatingMethodAccessorImpl.invoke(DelegatingMethodAccessorImpl.java:43)
at java.base/java.lang.reflect.Method.invoke(Method.java:564)
at org.testng.internal.MethodInvocationHelper.invokeMethod(MethodInvocationHelper.java:124)
at org.testng.internal.Invoker.invokeMethod(Invoker.java:583)
at org.testng.internal.Invoker.invokeTestMethod(Invoker.java:719)
at org.testng.internal.Invoker.invokeTestMethods(Invoker.java:989)
at org.testng.internal.TestMethodWorker.invokeTestMethods(TestMethodWorker.java:125)
at org.testng.internal.TestMethodWorker.run(TestMethodWorker.java:109)
at org.testng.TestRunner.privateRun(TestRunner.java:648)
at org.testng.TestRunner.run(TestRunner.java:505)
at org.testng.SuiteRunner.runTest(SuiteRunner.java:455)
at org.testng.SuiteRunner.runSequentially(SuiteRunner.java:450)
at org.testng.SuiteRunner.privateRun(SuiteRunner.java:415)
at org.testng.SuiteRunner.run(SuiteRunner.java:364)
at org.testng.SuiteRunnerWorker.runSuite(SuiteRunnerWorker.java:52)
at org.testng.SuiteRunnerWorker.run(SuiteRunnerWorker.java:84)
at org.testng.TestNG.runSuitesSequentially(TestNG.java:1208)
at org.testng.TestNG.runSuitesLocally(TestNG.java:1137)
at org.testng.TestNG.runSuites(TestNG.java:1049)
at org.testng.TestNG.run(TestNG.java:1017)
at org.testng.remote.AbstractRemoteTestNG.run(AbstractRemoteTestNG.java:115)
at org.testng.remote.RemoteTestNG.initAndRun(RemoteTestNG.java:251)
at org.testng.remote.RemoteTestNG.main(RemoteTestNG.java:77)
Caused by: org.openqa.selenium.NoSuchElementException: no such element: Unable to locate element: {"method":"xpath","selector":"//button[normalize-space()='Continue']"}
  (Session info: chrome=91.0.4472.77)
For documentation on this error, please visit: https://www.seleniumhq.org/exceptions/no_such_element.html
Build info: version: '3.141.59', revision: 'e82be7d358', time: '2018-11-14T08:17:03'
System info: host: 'Unknown', ip: 'Unknown', os.name: 'Linux', os.arch: 'amd64', os.version: '4.6.4-040604-generic', java.version: '14.0.2'
Driver info: org.openqa.selenium.chrome.ChromeDriver
Capabilities {acceptInsecureCerts: false, browserName: chrome, browserVersion: 91.0.4472.77, chrome: {chromedriverVersion: 91.0.4472.101 (af52a90bf870..., userDataDir: /tmp/.com.google.Chrome.G9hcEL}, goog:chromeOptions: {debuggerAddress: localhost:46229}, javascriptEnabled: true, networkConnectionEnabled: false, pageLoadStrategy: normal, platform: LINUX, platformName: LINUX, proxy: Proxy(), setWindowRect: true, strictFileInteractability: false, timeouts: {implicit: 0, pageLoad: 300000, script: 30000}, unhandledPromptBehavior: dismiss and notify, webauthn:extension:largeBlob: true, webauthn:virtualAuthenticators: true}
Session ID: d746117038ddc57561218aacc68ef6a8
*** Element info: {Using=xpath, value=//button[normalize-space()='Continue']}
at jdk.internal.reflect.GeneratedConstructorAccessor23.newInstance(Unknown Source)
at java.base/jdk.internal.reflect.DelegatingConstructorAccessorImpl.newInstance(DelegatingConstructorAccessorImpl.java:45)
at java.base/java.lang.reflect.Constructor.newInstanceWithCaller(Constructor.java:500)
at java.base/java.lang.reflect.Constructor.newInstance(Constructor.java:481)
at org.openqa.selenium.remote.http.W3CHttpResponseCodec.createException(W3CHttpResponseCodec.java:187)
at org.openqa.selenium.remote.http.W3CHttpResponseCodec.decode(W3CHttpResponseCodec.java:122)
at org.openqa.selenium.remote.http.W3CHttpResponseCodec.decode(W3CHttpResponseCodec.java:49)
at org.openqa.selenium.remote.HttpCommandExecutor.execute(HttpCommandExecutor.java:158)
at org.openqa.selenium.remote.service.DriverCommandExecutor.execute(DriverCommandExecutor.java:83)
at org.openqa.selenium.remote.RemoteWebDriver.execute(RemoteWebDriver.java:552)
at org.openqa.selenium.remote.RemoteWebDriver.findElement(RemoteWebDriver.java:323)
at org.openqa.selenium.remote.RemoteWebDriver.findElementByXPath(RemoteWebDriver.java:428)
at org.openqa.selenium.By$ByXPath.findElement(By.java:353)
at org.openqa.selenium.remote.RemoteWebDriver.findElement(RemoteWebDriver.java:315)
at org.openqa.selenium.support.ui.ExpectedConditions$7.apply(ExpectedConditions.java:205)
at org.openqa.selenium.support.ui.ExpectedConditions$7.apply(ExpectedConditions.java:201)
at org.openqa.selenium.support.ui.FluentWait.until(FluentWait.java:249)
... 27 more
]]>
            </full-stacktrace>
          </exception> <!-- org.openqa.selenium.TimeoutException -->
>>>>>>> 570e6cf35829b4e7897ccb03d6184545922fdaa5
          <reporter-output>
          </reporter-output>
        </test-method> <!-- salesModuleAllocatUnitTest -->
      </class> <!-- com.qa.hs.tests.SalesModuleAllocatUnitGroupRealtorsTest -->
    </test> <!-- SalesModuleAllocatUnitGroupRealtorsTest -->
  </suite> <!-- TestSuite1 -->
</testng-results>
